<?xml version="1.0" encoding="UTF-8"?>
<!-- Generated by org.testng.reporters.JUnitReportReporter -->
<testsuite hostname="rajesh" failures="0" tests="1" name="testCases.TC_004_Add" time="4.699" errors="0" timestamp="2023-01-25T15:53:31 IST" skipped="0">
  <testcase classname="testCases.TC_004_Add" name="Tc4" time="4.699"/>
  <system-out/>
</testsuite> <!-- testCases.TC_004_Add -->
