<?xml version="1.0" encoding="UTF-8"?>
<!-- Generated by org.testng.reporters.JUnitReportReporter -->
<testsuite hostname="rajesh" failures="0" tests="1" name="testCases.TC_003_AddCat" time="5.484" errors="0" timestamp="2023-01-25T11:00:22 IST" skipped="0">
  <testcase classname="testCases.TC_003_AddCat" name="tc_003Add" time="5.484"/>
  <system-out/>
</testsuite> <!-- testCases.TC_003_AddCat -->
